<?xml version="1.0" encoding="UTF-8"?>
<!-- Generated by org.testng.reporters.JUnitReportReporter -->
<testsuite hostname="DESKTOP-HK2JNRF" failures="0" tests="1" name="TestNGConcept.ParametersConcept" time="14.799" errors="0" timestamp="2024-05-19T12:19:48 IST" skipped="0">
  <testcase classname="TestNGConcept.ParametersConcept" name="LoginTest" time="14.799"/>
</testsuite> <!-- TestNGConcept.ParametersConcept -->
