<?xml version="1.0" encoding="UTF-8"?>
<!-- Generated by org.testng.reporters.JUnitReportReporter -->
<testsuite hostname="DESKTOP-HK2JNRF" failures="0" tests="6" name="TestNGConcept.GoogleTest" time="11.781" errors="0" timestamp="2024-05-19T12:08:10 IST" skipped="0">
  <testcase classname="TestNGConcept.GoogleTest" name="googleTitleTest" time="1.924"/>
  <testcase classname="TestNGConcept.GoogleTest" name="mailLinkTest" time="1.927"/>
  <testcase classname="TestNGConcept.GoogleTest" name="googleLogoTest" time="1.903"/>
  <testcase classname="TestNGConcept.GoogleTest" name="test1" time="1.934"/>
  <testcase classname="TestNGConcept.GoogleTest" name="test3" time="1.635"/>
  <testcase classname="TestNGConcept.GoogleTest" name="test2" time="2.458"/>
</testsuite> <!-- TestNGConcept.GoogleTest -->
