<?xml version="1.0" encoding="UTF-8"?>
<!-- Generated by org.testng.reporters.JUnitReportReporter -->
<testsuite hostname="DESKTOP-HK2JNRF" failures="0" tests="2" name="TestNGConcept.TestNGBasics" time="0.005" errors="0" timestamp="2024-05-19T12:08:10 IST" skipped="0">
  <testcase classname="TestNGConcept.TestNGBasics" name="googleTitleTest" time="0.003"/>
  <testcase classname="TestNGConcept.TestNGBasics" name="searchTest" time="0.002"/>
</testsuite> <!-- TestNGConcept.TestNGBasics -->
